<?xml version="1.0" encoding="UTF-8"?>
<testsuite xmlns:xsi="http://www.w3.org/2001/XMLSchema-instance" xsi:noNamespaceSchemaLocation="https://maven.apache.org/surefire/maven-surefire-plugin/xsd/surefire-test-report-3.0.xsd" version="3.0" name="Apply Leave" time="116.452" tests="7" errors="0" skipped="0" failures="0">
  <properties>
    <property name="gopherProxySet" value="false"/>
    <property name="awt.toolkit" value="sun.lwawt.macosx.LWCToolkit"/>
    <property name="java.specification.version" value="11"/>
    <property name="sun.cpu.isalist" value=""/>
    <property name="sun.jnu.encoding" value="UTF-8"/>
    <property name="java.class.path" value="/Users/nhungnguyen/IdeaProjects/orangeHRM/target/test-classes:/Users/nhungnguyen/IdeaProjects/orangeHRM/target/classes:/Users/nhungnguyen/.m2/repository/junit/junit/4.12/junit-4.12.jar:/Users/nhungnguyen/.m2/repository/org/hamcrest/hamcrest-core/1.3/hamcrest-core-1.3.jar:/Users/nhungnguyen/.m2/repository/ru/yandex/qatools/ashot/ashot/1.5.4/ashot-1.5.4.jar:/Users/nhungnguyen/.m2/repository/com/google/code/gson/gson/2.6.2/gson-2.6.2.jar:/Users/nhungnguyen/.m2/repository/org/apache/maven/surefire/surefire-junit47/3.0.0-M3/surefire-junit47-3.0.0-M3.jar:/Users/nhungnguyen/.m2/repository/org/apache/maven/surefire/common-junit48/3.0.0-M3/common-junit48-3.0.0-M3.jar:/Users/nhungnguyen/.m2/repository/org/apache/maven/surefire/common-junit4/3.0.0-M3/common-junit4-3.0.0-M3.jar:/Users/nhungnguyen/.m2/repository/org/apache/maven/surefire/common-junit3/3.0.0-M3/common-junit3-3.0.0-M3.jar:/Users/nhungnguyen/.m2/repository/org/apache/maven/surefire/common-java5/3.0.0-M3/common-java5-3.0.0-M3.jar:/Users/nhungnguyen/.m2/repository/org/apache/maven/surefire/surefire-grouper/3.0.0-M3/surefire-grouper-3.0.0-M3.jar:/Users/nhungnguyen/.m2/repository/org/apache/maven/surefire/surefire-api/3.0.0-M3/surefire-api-3.0.0-M3.jar:/Users/nhungnguyen/.m2/repository/org/apache/maven/surefire/surefire-logger-api/3.0.0-M3/surefire-logger-api-3.0.0-M3.jar:/Users/nhungnguyen/.m2/repository/org/testng/testng/6.14.3/testng-6.14.3.jar:/Users/nhungnguyen/.m2/repository/com/beust/jcommander/1.72/jcommander-1.72.jar:/Users/nhungnguyen/.m2/repository/org/apache-extras/beanshell/bsh/2.0b6/bsh-2.0b6.jar:/Users/nhungnguyen/.m2/repository/org/seleniumhq/selenium/selenium-java/3.141.59/selenium-java-3.141.59.jar:/Users/nhungnguyen/.m2/repository/org/seleniumhq/selenium/selenium-api/3.141.59/selenium-api-3.141.59.jar:/Users/nhungnguyen/.m2/repository/org/seleniumhq/selenium/selenium-edge-driver/3.141.59/selenium-edge-driver-3.141.59.jar:/Users/nhungnguyen/.m2/repository/org/seleniumhq/selenium/selenium-ie-driver/3.141.59/selenium-ie-driver-3.141.59.jar:/Users/nhungnguyen/.m2/repository/org/seleniumhq/selenium/selenium-opera-driver/3.141.59/selenium-opera-driver-3.141.59.jar:/Users/nhungnguyen/.m2/repository/org/seleniumhq/selenium/selenium-safari-driver/3.141.59/selenium-safari-driver-3.141.59.jar:/Users/nhungnguyen/.m2/repository/org/seleniumhq/selenium/selenium-support/3.141.59/selenium-support-3.141.59.jar:/Users/nhungnguyen/.m2/repository/net/bytebuddy/byte-buddy/1.8.15/byte-buddy-1.8.15.jar:/Users/nhungnguyen/.m2/repository/org/apache/commons/commons-exec/1.3/commons-exec-1.3.jar:/Users/nhungnguyen/.m2/repository/com/google/guava/guava/25.0-jre/guava-25.0-jre.jar:/Users/nhungnguyen/.m2/repository/com/google/code/findbugs/jsr305/1.3.9/jsr305-1.3.9.jar:/Users/nhungnguyen/.m2/repository/org/checkerframework/checker-compat-qual/2.0.0/checker-compat-qual-2.0.0.jar:/Users/nhungnguyen/.m2/repository/com/google/errorprone/error_prone_annotations/2.1.3/error_prone_annotations-2.1.3.jar:/Users/nhungnguyen/.m2/repository/com/google/j2objc/j2objc-annotations/1.1/j2objc-annotations-1.1.jar:/Users/nhungnguyen/.m2/repository/org/codehaus/mojo/animal-sniffer-annotations/1.14/animal-sniffer-annotations-1.14.jar:/Users/nhungnguyen/.m2/repository/com/squareup/okhttp3/okhttp/3.11.0/okhttp-3.11.0.jar:/Users/nhungnguyen/.m2/repository/com/squareup/okio/okio/1.14.0/okio-1.14.0.jar:/Users/nhungnguyen/.m2/repository/org/seleniumhq/selenium/selenium-server/3.141.59/selenium-server-3.141.59.jar:/Users/nhungnguyen/.m2/repository/net/jcip/jcip-annotations/1.0/jcip-annotations-1.0.jar:/Users/nhungnguyen/.m2/repository/org/seleniumhq/selenium/jetty-repacked/9.4.12.v20180830/jetty-repacked-9.4.12.v20180830.jar:/Users/nhungnguyen/.m2/repository/javax/servlet/javax.servlet-api/3.1.0/javax.servlet-api-3.1.0.jar:/Users/nhungnguyen/.m2/repository/org/yaml/snakeyaml/1.19/snakeyaml-1.19.jar:/Users/nhungnguyen/.m2/repository/org/seleniumhq/selenium/selenium-remote-driver/3.141.59/selenium-remote-driver-3.141.59.jar:/Users/nhungnguyen/.m2/repository/org/seleniumhq/selenium/selenium-chrome-driver/3.141.59/selenium-chrome-driver-3.141.59.jar:/Users/nhungnguyen/.m2/repository/org/seleniumhq/selenium/selenium-firefox-driver/3.141.59/selenium-firefox-driver-3.141.59.jar:/Users/nhungnguyen/.m2/repository/io/cucumber/cucumber-java/4.4.0/cucumber-java-4.4.0.jar:/Users/nhungnguyen/.m2/repository/io/cucumber/cucumber-core/4.4.0/cucumber-core-4.4.0.jar:/Users/nhungnguyen/.m2/repository/io/cucumber/gherkin/5.1.0/gherkin-5.1.0.jar:/Users/nhungnguyen/.m2/repository/io/cucumber/tag-expressions/1.1.1/tag-expressions-1.1.1.jar:/Users/nhungnguyen/.m2/repository/io/cucumber/cucumber-expressions/7.0.2/cucumber-expressions-7.0.2.jar:/Users/nhungnguyen/.m2/repository/io/cucumber/datatable/1.1.14/datatable-1.1.14.jar:/Users/nhungnguyen/.m2/repository/io/cucumber/datatable-dependencies/1.1.14/datatable-dependencies-1.1.14.jar:/Users/nhungnguyen/.m2/repository/io/cucumber/cucumber-java8/4.4.0/cucumber-java8-4.4.0.jar:/Users/nhungnguyen/.m2/repository/net/jodah/typetools/0.5.0/typetools-0.5.0.jar:/Users/nhungnguyen/.m2/repository/io/cucumber/cucumber-junit/4.4.0/cucumber-junit-4.4.0.jar:/Users/nhungnguyen/.m2/repository/io/cucumber/cucumber-testng/4.4.0/cucumber-testng-4.4.0.jar:/Users/nhungnguyen/.m2/repository/org/assertj/assertj-core/3.12.2/assertj-core-3.12.2.jar:/Users/nhungnguyen/.m2/repository/commons-io/commons-io/2.6/commons-io-2.6.jar:/Users/nhungnguyen/.m2/repository/io/rest-assured/rest-assured/4.0.0/rest-assured-4.0.0.jar:/Users/nhungnguyen/.m2/repository/org/codehaus/groovy/groovy/2.5.6/groovy-2.5.6.jar:/Users/nhungnguyen/.m2/repository/org/codehaus/groovy/groovy-xml/2.5.6/groovy-xml-2.5.6.jar:/Users/nhungnguyen/.m2/repository/org/apache/httpcomponents/httpclient/4.5.3/httpclient-4.5.3.jar:/Users/nhungnguyen/.m2/repository/org/apache/httpcomponents/httpcore/4.4.6/httpcore-4.4.6.jar:/Users/nhungnguyen/.m2/repository/commons-logging/commons-logging/1.2/commons-logging-1.2.jar:/Users/nhungnguyen/.m2/repository/commons-codec/commons-codec/1.9/commons-codec-1.9.jar:/Users/nhungnguyen/.m2/repository/org/apache/httpcomponents/httpmime/4.5.3/httpmime-4.5.3.jar:/Users/nhungnguyen/.m2/repository/org/hamcrest/hamcrest-library/2.1/hamcrest-library-2.1.jar:/Users/nhungnguyen/.m2/repository/org/ccil/cowan/tagsoup/tagsoup/1.2.1/tagsoup-1.2.1.jar:/Users/nhungnguyen/.m2/repository/io/rest-assured/json-path/4.0.0/json-path-4.0.0.jar:/Users/nhungnguyen/.m2/repository/org/codehaus/groovy/groovy-json/2.5.6/groovy-json-2.5.6.jar:/Users/nhungnguyen/.m2/repository/io/rest-assured/rest-assured-common/4.0.0/rest-assured-common-4.0.0.jar:/Users/nhungnguyen/.m2/repository/io/rest-assured/xml-path/4.0.0/xml-path-4.0.0.jar:/Users/nhungnguyen/.m2/repository/org/apache/commons/commons-lang3/3.4/commons-lang3-3.4.jar:/Users/nhungnguyen/.m2/repository/javax/xml/bind/jaxb-api/2.2.12/jaxb-api-2.2.12.jar:/Users/nhungnguyen/.m2/repository/com/sun/xml/bind/jaxb-osgi/2.2.10/jaxb-osgi-2.2.10.jar:/Users/nhungnguyen/.m2/repository/org/apache/sling/org.apache.sling.javax.activation/0.1.0/org.apache.sling.javax.activation-0.1.0.jar:/Users/nhungnguyen/.m2/repository/javax/activation/activation/1.1.1/activation-1.1.1.jar:/Users/nhungnguyen/.m2/repository/org/hamcrest/hamcrest-all/1.3/hamcrest-all-1.3.jar:"/>
    <property name="java.vm.vendor" value="Oracle Corporation"/>
    <property name="sun.arch.data.model" value="64"/>
    <property name="java.vendor.url" value="http://java.oracle.com/"/>
    <property name="user.timezone" value=""/>
    <property name="java.vm.specification.version" value="11"/>
    <property name="os.name" value="Mac OS X"/>
    <property name="sun.java.launcher" value="SUN_STANDARD"/>
    <property name="user.country" value="US"/>
    <property name="sun.boot.library.path" value="/Library/Java/JavaVirtualMachines/jdk-11.0.5.jdk/Contents/Home/lib"/>
    <property name="sun.java.command" value="/Users/nhungnguyen/IdeaProjects/orangeHRM/target/surefire/surefirebooter1198572425227534152.jar /Users/nhungnguyen/IdeaProjects/orangeHRM/target/surefire 2020-06-17T10-07-13_260-jvmRun1 surefire15289587850374937198tmp surefire_03363528032820053387tmp"/>
    <property name="http.nonProxyHosts" value="local|*.local|169.254/16|*.169.254/16"/>
    <property name="jdk.debug" value="release"/>
    <property name="test" value="Initialization"/>
    <property name="surefire.test.class.path" value="/Users/nhungnguyen/IdeaProjects/orangeHRM/target/test-classes:/Users/nhungnguyen/IdeaProjects/orangeHRM/target/classes:/Users/nhungnguyen/.m2/repository/junit/junit/4.12/junit-4.12.jar:/Users/nhungnguyen/.m2/repository/org/hamcrest/hamcrest-core/1.3/hamcrest-core-1.3.jar:/Users/nhungnguyen/.m2/repository/ru/yandex/qatools/ashot/ashot/1.5.4/ashot-1.5.4.jar:/Users/nhungnguyen/.m2/repository/com/google/code/gson/gson/2.6.2/gson-2.6.2.jar:/Users/nhungnguyen/.m2/repository/org/apache/maven/surefire/surefire-junit47/3.0.0-M3/surefire-junit47-3.0.0-M3.jar:/Users/nhungnguyen/.m2/repository/org/apache/maven/surefire/common-junit48/3.0.0-M3/common-junit48-3.0.0-M3.jar:/Users/nhungnguyen/.m2/repository/org/apache/maven/surefire/common-junit4/3.0.0-M3/common-junit4-3.0.0-M3.jar:/Users/nhungnguyen/.m2/repository/org/apache/maven/surefire/common-junit3/3.0.0-M3/common-junit3-3.0.0-M3.jar:/Users/nhungnguyen/.m2/repository/org/apache/maven/surefire/common-java5/3.0.0-M3/common-java5-3.0.0-M3.jar:/Users/nhungnguyen/.m2/repository/org/apache/maven/surefire/surefire-grouper/3.0.0-M3/surefire-grouper-3.0.0-M3.jar:/Users/nhungnguyen/.m2/repository/org/apache/maven/surefire/surefire-api/3.0.0-M3/surefire-api-3.0.0-M3.jar:/Users/nhungnguyen/.m2/repository/org/apache/maven/surefire/surefire-logger-api/3.0.0-M3/surefire-logger-api-3.0.0-M3.jar:/Users/nhungnguyen/.m2/repository/org/testng/testng/6.14.3/testng-6.14.3.jar:/Users/nhungnguyen/.m2/repository/com/beust/jcommander/1.72/jcommander-1.72.jar:/Users/nhungnguyen/.m2/repository/org/apache-extras/beanshell/bsh/2.0b6/bsh-2.0b6.jar:/Users/nhungnguyen/.m2/repository/org/seleniumhq/selenium/selenium-java/3.141.59/selenium-java-3.141.59.jar:/Users/nhungnguyen/.m2/repository/org/seleniumhq/selenium/selenium-api/3.141.59/selenium-api-3.141.59.jar:/Users/nhungnguyen/.m2/repository/org/seleniumhq/selenium/selenium-edge-driver/3.141.59/selenium-edge-driver-3.141.59.jar:/Users/nhungnguyen/.m2/repository/org/seleniumhq/selenium/selenium-ie-driver/3.141.59/selenium-ie-driver-3.141.59.jar:/Users/nhungnguyen/.m2/repository/org/seleniumhq/selenium/selenium-opera-driver/3.141.59/selenium-opera-driver-3.141.59.jar:/Users/nhungnguyen/.m2/repository/org/seleniumhq/selenium/selenium-safari-driver/3.141.59/selenium-safari-driver-3.141.59.jar:/Users/nhungnguyen/.m2/repository/org/seleniumhq/selenium/selenium-support/3.141.59/selenium-support-3.141.59.jar:/Users/nhungnguyen/.m2/repository/net/bytebuddy/byte-buddy/1.8.15/byte-buddy-1.8.15.jar:/Users/nhungnguyen/.m2/repository/org/apache/commons/commons-exec/1.3/commons-exec-1.3.jar:/Users/nhungnguyen/.m2/repository/com/google/guava/guava/25.0-jre/guava-25.0-jre.jar:/Users/nhungnguyen/.m2/repository/com/google/code/findbugs/jsr305/1.3.9/jsr305-1.3.9.jar:/Users/nhungnguyen/.m2/repository/org/checkerframework/checker-compat-qual/2.0.0/checker-compat-qual-2.0.0.jar:/Users/nhungnguyen/.m2/repository/com/google/errorprone/error_prone_annotations/2.1.3/error_prone_annotations-2.1.3.jar:/Users/nhungnguyen/.m2/repository/com/google/j2objc/j2objc-annotations/1.1/j2objc-annotations-1.1.jar:/Users/nhungnguyen/.m2/repository/org/codehaus/mojo/animal-sniffer-annotations/1.14/animal-sniffer-annotations-1.14.jar:/Users/nhungnguyen/.m2/repository/com/squareup/okhttp3/okhttp/3.11.0/okhttp-3.11.0.jar:/Users/nhungnguyen/.m2/repository/com/squareup/okio/okio/1.14.0/okio-1.14.0.jar:/Users/nhungnguyen/.m2/repository/org/seleniumhq/selenium/selenium-server/3.141.59/selenium-server-3.141.59.jar:/Users/nhungnguyen/.m2/repository/net/jcip/jcip-annotations/1.0/jcip-annotations-1.0.jar:/Users/nhungnguyen/.m2/repository/org/seleniumhq/selenium/jetty-repacked/9.4.12.v20180830/jetty-repacked-9.4.12.v20180830.jar:/Users/nhungnguyen/.m2/repository/javax/servlet/javax.servlet-api/3.1.0/javax.servlet-api-3.1.0.jar:/Users/nhungnguyen/.m2/repository/org/yaml/snakeyaml/1.19/snakeyaml-1.19.jar:/Users/nhungnguyen/.m2/repository/org/seleniumhq/selenium/selenium-remote-driver/3.141.59/selenium-remote-driver-3.141.59.jar:/Users/nhungnguyen/.m2/repository/org/seleniumhq/selenium/selenium-chrome-driver/3.141.59/selenium-chrome-driver-3.141.59.jar:/Users/nhungnguyen/.m2/repository/org/seleniumhq/selenium/selenium-firefox-driver/3.141.59/selenium-firefox-driver-3.141.59.jar:/Users/nhungnguyen/.m2/repository/io/cucumber/cucumber-java/4.4.0/cucumber-java-4.4.0.jar:/Users/nhungnguyen/.m2/repository/io/cucumber/cucumber-core/4.4.0/cucumber-core-4.4.0.jar:/Users/nhungnguyen/.m2/repository/io/cucumber/gherkin/5.1.0/gherkin-5.1.0.jar:/Users/nhungnguyen/.m2/repository/io/cucumber/tag-expressions/1.1.1/tag-expressions-1.1.1.jar:/Users/nhungnguyen/.m2/repository/io/cucumber/cucumber-expressions/7.0.2/cucumber-expressions-7.0.2.jar:/Users/nhungnguyen/.m2/repository/io/cucumber/datatable/1.1.14/datatable-1.1.14.jar:/Users/nhungnguyen/.m2/repository/io/cucumber/datatable-dependencies/1.1.14/datatable-dependencies-1.1.14.jar:/Users/nhungnguyen/.m2/repository/io/cucumber/cucumber-java8/4.4.0/cucumber-java8-4.4.0.jar:/Users/nhungnguyen/.m2/repository/net/jodah/typetools/0.5.0/typetools-0.5.0.jar:/Users/nhungnguyen/.m2/repository/io/cucumber/cucumber-junit/4.4.0/cucumber-junit-4.4.0.jar:/Users/nhungnguyen/.m2/repository/io/cucumber/cucumber-testng/4.4.0/cucumber-testng-4.4.0.jar:/Users/nhungnguyen/.m2/repository/org/assertj/assertj-core/3.12.2/assertj-core-3.12.2.jar:/Users/nhungnguyen/.m2/repository/commons-io/commons-io/2.6/commons-io-2.6.jar:/Users/nhungnguyen/.m2/repository/io/rest-assured/rest-assured/4.0.0/rest-assured-4.0.0.jar:/Users/nhungnguyen/.m2/repository/org/codehaus/groovy/groovy/2.5.6/groovy-2.5.6.jar:/Users/nhungnguyen/.m2/repository/org/codehaus/groovy/groovy-xml/2.5.6/groovy-xml-2.5.6.jar:/Users/nhungnguyen/.m2/repository/org/apache/httpcomponents/httpclient/4.5.3/httpclient-4.5.3.jar:/Users/nhungnguyen/.m2/repository/org/apache/httpcomponents/httpcore/4.4.6/httpcore-4.4.6.jar:/Users/nhungnguyen/.m2/repository/commons-logging/commons-logging/1.2/commons-logging-1.2.jar:/Users/nhungnguyen/.m2/repository/commons-codec/commons-codec/1.9/commons-codec-1.9.jar:/Users/nhungnguyen/.m2/repository/org/apache/httpcomponents/httpmime/4.5.3/httpmime-4.5.3.jar:/Users/nhungnguyen/.m2/repository/org/hamcrest/hamcrest-library/2.1/hamcrest-library-2.1.jar:/Users/nhungnguyen/.m2/repository/org/ccil/cowan/tagsoup/tagsoup/1.2.1/tagsoup-1.2.1.jar:/Users/nhungnguyen/.m2/repository/io/rest-assured/json-path/4.0.0/json-path-4.0.0.jar:/Users/nhungnguyen/.m2/repository/org/codehaus/groovy/groovy-json/2.5.6/groovy-json-2.5.6.jar:/Users/nhungnguyen/.m2/repository/io/rest-assured/rest-assured-common/4.0.0/rest-assured-common-4.0.0.jar:/Users/nhungnguyen/.m2/repository/io/rest-assured/xml-path/4.0.0/xml-path-4.0.0.jar:/Users/nhungnguyen/.m2/repository/org/apache/commons/commons-lang3/3.4/commons-lang3-3.4.jar:/Users/nhungnguyen/.m2/repository/javax/xml/bind/jaxb-api/2.2.12/jaxb-api-2.2.12.jar:/Users/nhungnguyen/.m2/repository/com/sun/xml/bind/jaxb-osgi/2.2.10/jaxb-osgi-2.2.10.jar:/Users/nhungnguyen/.m2/repository/org/apache/sling/org.apache.sling.javax.activation/0.1.0/org.apache.sling.javax.activation-0.1.0.jar:/Users/nhungnguyen/.m2/repository/javax/activation/activation/1.1.1/activation-1.1.1.jar:/Users/nhungnguyen/.m2/repository/org/hamcrest/hamcrest-all/1.3/hamcrest-all-1.3.jar:"/>
    <property name="sun.cpu.endian" value="little"/>
    <property name="user.home" value="/Users/nhungnguyen"/>
    <property name="user.language" value="en"/>
    <property name="java.specification.vendor" value="Oracle Corporation"/>
    <property name="java.version.date" value="2019-10-15"/>
    <property name="java.home" value="/Library/Java/JavaVirtualMachines/jdk-11.0.5.jdk/Contents/Home"/>
    <property name="file.separator" value="/"/>
    <property name="basedir" value="/Users/nhungnguyen/IdeaProjects/orangeHRM"/>
    <property name="java.vm.compressedOopsMode" value="Zero based"/>
    <property name="line.separator" value="&#10;"/>
    <property name="java.specification.name" value="Java Platform API Specification"/>
    <property name="java.vm.specification.vendor" value="Oracle Corporation"/>
    <property name="java.awt.graphicsenv" value="sun.awt.CGraphicsEnvironment"/>
    <property name="surefire.real.class.path" value="/Users/nhungnguyen/IdeaProjects/orangeHRM/target/surefire/surefirebooter1198572425227534152.jar"/>
    <property name="sun.management.compiler" value="HotSpot 64-Bit Tiered Compilers"/>
    <property name="ftp.nonProxyHosts" value="local|*.local|169.254/16|*.169.254/16"/>
    <property name="java.runtime.version" value="11.0.5+10-LTS"/>
    <property name="user.name" value="nhungnguyen"/>
    <property name="path.separator" value=":"/>
    <property name="os.version" value="10.15.5"/>
    <property name="java.runtime.name" value="Java(TM) SE Runtime Environment"/>
    <property name="file.encoding" value="UTF-8"/>
    <property name="java.vm.name" value="Java HotSpot(TM) 64-Bit Server VM"/>
    <property name="java.vendor.version" value="18.9"/>
    <property name="localRepository" value="/Users/nhungnguyen/.m2/repository"/>
    <property name="java.vendor.url.bug" value="http://bugreport.java.com/bugreport/"/>
    <property name="java.io.tmpdir" value="/var/folders/x9/xr_2yfpn18z_hpd9wgq3v3v00000gp/T/"/>
    <property name="java.version" value="11.0.5"/>
    <property name="user.dir" value="/Users/nhungnguyen/IdeaProjects/orangeHRM"/>
    <property name="os.arch" value="x86_64"/>
    <property name="threadNumber" value="ThreadNumber_1"/>
    <property name="java.vm.specification.name" value="Java Virtual Machine Specification"/>
    <property name="java.awt.printerjob" value="sun.lwawt.macosx.CPrinterJob"/>
    <property name="sun.os.patch.level" value="unknown"/>
    <property name="java.library.path" value="/Users/nhungnguyen/Library/Java/Extensions:/Library/Java/Extensions:/Network/Library/Java/Extensions:/System/Library/Java/Extensions:/usr/lib/java:."/>
    <property name="java.vendor" value="Oracle Corporation"/>
    <property name="java.vm.info" value="mixed mode"/>
    <property name="java.vm.version" value="11.0.5+10-LTS"/>
    <property name="sun.io.unicode.encoding" value="UnicodeBig"/>
    <property name="java.class.version" value="55.0"/>
    <property name="socksNonProxyHosts" value="local|*.local|169.254/16|*.169.254/16"/>
  </properties>
  <testcase name="Create employee" classname="Create employees" time="14.706"/>
  <testcase name="Add Leave Entitlement for employee by admin" classname="Create employees" time="13.988"/>
  <testcase name="Add Leave Entitlement for employee by admin" classname="Create employees" time="15.598"/>
  <testcase name="Add Leave Entitlement for employee by admin" classname="Create employees" time="13.894"/>
  <testcase name="Verify that ESS can apply leave Full Day with valid data" classname="Apply Leave" time="19.269"/>
  <testcase name="Verify that ESS can apply leave Haft Day with valid data" classname="Apply Leave" time="21.638"/>
  <testcase name="Verify that ESS can apply leave specify time with valid data" classname="Apply Leave" time="17.206"/>
</testsuite>